-------------------------------------------------------------------------------
Test set: Alta trio Mt
-------------------------------------------------------------------------------
Tests run: 51, Failures: 0, Errors: 2, Skipped: 21, Time elapsed: 338.481 s <<< FAILURE! - in Alta trio Mt
doy clic a iniciar registro(Alta trio Mt)  Time elapsed: 3.172 s  <<< ERROR!
org.openqa.selenium.NoSuchElementException: 
no such element: Unable to locate element: {"method":"xpath","selector":"//*[@label='Iniciar Registro' or  @type='button' and @class='btnStart']"}
  (Session info: headless chrome=107.0.5304.63)
For documentation on this error, please visit: https://selenium.dev/exceptions/#no_such_element
Build info: version: '4.1.0', revision: '87802e897b'
System info: host: 'LIM-FVRH7M3', ip: '192.168.100.23', os.name: 'Windows 10', os.arch: 'amd64', os.version: '10.0', java.version: '11.0.15.1'
Driver info: org.openqa.selenium.chrome.ChromeDriver
Command: [751d0926f916e746c9474fa63eb861fb, findElement {using=xpath, value=//*[@label='Iniciar Registro' or  @type='button' and @class='btnStart']}]
Capabilities {acceptInsecureCerts: false, browserName: chrome, browserVersion: 107.0.5304.63, chrome: {chromedriverVersion: 107.0.5304.62 (1eec40d3a576..., userDataDir: C:\Users\hsalaslo\AppData\L...}, goog:chromeOptions: {debuggerAddress: localhost:54998}, javascriptEnabled: true, networkConnectionEnabled: false, pageLoadStrategy: eager, platform: WINDOWS, platformName: WINDOWS, proxy: Proxy(), se:cdp: ws://localhost:54998/devtoo..., se:cdpVersion: 107.0.5304.63, setWindowRect: true, strictFileInteractability: false, timeouts: {implicit: 0, pageLoad: 300000, script: 30000}, unhandledPromptBehavior: dismiss and notify, webauthn:extension:credBlob: true, webauthn:extension:largeBlob: true, webauthn:virtualAuthenticators: true}
Session ID: 751d0926f916e746c9474fa63eb861fb

Alta trio Mt  Time elapsed: 0 s  <<< ERROR!
org.openqa.selenium.NoSuchElementException: 
no such element: Unable to locate element: {"method":"xpath","selector":"//*[@label='Iniciar Registro' or  @type='button' and @class='btnStart']"}
  (Session info: headless chrome=107.0.5304.63)
For documentation on this error, please visit: https://selenium.dev/exceptions/#no_such_element
Build info: version: '4.1.0', revision: '87802e897b'
System info: host: 'LIM-FVRH7M3', ip: '192.168.100.23', os.name: 'Windows 10', os.arch: 'amd64', os.version: '10.0', java.version: '11.0.15.1'
Driver info: org.openqa.selenium.chrome.ChromeDriver
Command: [751d0926f916e746c9474fa63eb861fb, findElement {using=xpath, value=//*[@label='Iniciar Registro' or  @type='button' and @class='btnStart']}]
Capabilities {acceptInsecureCerts: false, browserName: chrome, browserVersion: 107.0.5304.63, chrome: {chromedriverVersion: 107.0.5304.62 (1eec40d3a576..., userDataDir: C:\Users\hsalaslo\AppData\L...}, goog:chromeOptions: {debuggerAddress: localhost:54998}, javascriptEnabled: true, networkConnectionEnabled: false, pageLoadStrategy: eager, platform: WINDOWS, platformName: WINDOWS, proxy: Proxy(), se:cdp: ws://localhost:54998/devtoo..., se:cdpVersion: 107.0.5304.63, setWindowRect: true, strictFileInteractability: false, timeouts: {implicit: 0, pageLoad: 300000, script: 30000}, unhandledPromptBehavior: dismiss and notify, webauthn:extension:credBlob: true, webauthn:extension:largeBlob: true, webauthn:virtualAuthenticators: true}
Session ID: 751d0926f916e746c9474fa63eb861fb

