<?xml version="1.0" encoding="UTF-8"?>
<testsuite xmlns:xsi="http://www.w3.org/2001/XMLSchema-instance" xsi:noNamespaceSchemaLocation="https://maven.apache.org/surefire/maven-failsafe-plugin/xsd/failsafe-test-report.xsd" name="Alta Trio Upfront con Nuevo Cliente Extranjero" time="875.573" tests="40" errors="0" skipped="0" failures="0">
  <properties>
[...]
</properties>
  <testcase name="Alta Trio Upfront con Nuevo Cliente Extranjero" classname="Alta Trio Upfront con Nuevo Cliente Extranjero" time="0"/>
  <testcase name="que abro la pagina de movistar" classname="Alta Trio Upfront con Nuevo Cliente Extranjero" time="37.219"/>
  <testcase name="presiono el boton Iniciar Sesion" classname="Alta Trio Upfront con Nuevo Cliente Extranjero" time="3.503"/>
  <testcase name="selecciono el tipo de usuario &quot;usuario externo&quot;" classname="Alta Trio Upfront con Nuevo Cliente Extranjero" time="1.236"/>
  <testcase name="ingreso el usuario &quot;nishuizas&quot;" classname="Alta Trio Upfront con Nuevo Cliente Extranjero" time="1.216"/>
  <testcase name="ingreso el password &quot;$t3l3f0n1c4$&quot;" classname="Alta Trio Upfront con Nuevo Cliente Extranjero" time="1.19"/>
  <testcase name="presiono el boton Continuar hacia el home" classname="Alta Trio Upfront con Nuevo Cliente Extranjero" time="16.704"/>
  <testcase name="valido el login exitoso mediante el mensaje &quot;Bienvenid@&quot;" classname="Alta Trio Upfront con Nuevo Cliente Extranjero" time="1.171"/>
  <testcase name="selecciono el tipo de documento &quot;CE&quot;" classname="Alta Trio Upfront con Nuevo Cliente Extranjero" time="2.39"/>
  <testcase name="ingreso el documento &quot;1101100011&quot;" classname="Alta Trio Upfront con Nuevo Cliente Extranjero" time="0.319"/>
  <testcase name="doy click en el boton consultar" classname="Alta Trio Upfront con Nuevo Cliente Extranjero" time="41.741"/>
  <testcase name="cierro popup de error" classname="Alta Trio Upfront con Nuevo Cliente Extranjero" time="10.273"/>
  <testcase name="ingreso los datos del cliente a registrar" classname="Alta Trio Upfront con Nuevo Cliente Extranjero" time="37.989"/>
  <testcase name="selecciono el boton Linea Nueva Hogar" classname="Alta Trio Upfront con Nuevo Cliente Extranjero" time="17.468"/>
  <testcase name="selecciono el boton Mostrar ofertas" classname="Alta Trio Upfront con Nuevo Cliente Extranjero" time="12.311"/>
  <testcase name="me muestra la pantalla para ingresar la direccion" classname="Alta Trio Upfront con Nuevo Cliente Extranjero" time="1.274"/>
  <testcase name="selecciono el departamento donde sera la instalacion &quot;15&quot;" classname="Alta Trio Upfront con Nuevo Cliente Extranjero" time="7.373"/>
  <testcase name="selecciono la provincia donde sera la instalacion &quot;1501&quot;" classname="Alta Trio Upfront con Nuevo Cliente Extranjero" time="3.293"/>
  <testcase name="selecciono el distrito donde sera la instalacion &quot;150116&quot;" classname="Alta Trio Upfront con Nuevo Cliente Extranjero" time="3.49"/>
  <testcase name="ingreso la direccion donde sera la instalacion &quot;JR JULIO CESAR TELLO 460&quot;" classname="Alta Trio Upfront con Nuevo Cliente Extranjero" time="0.555"/>
  <testcase name="ingreso la referencia de la direccion &quot;INKAFARMA&quot;" classname="Alta Trio Upfront con Nuevo Cliente Extranjero" time="0.515"/>
  <testcase name="presiono el boton Consultar ubicacion" classname="Alta Trio Upfront con Nuevo Cliente Extranjero" time="5.663"/>
  <testcase name="presiono el boton consultar cobertura" classname="Alta Trio Upfront con Nuevo Cliente Extranjero" time="39.74"/>
  <testcase name="selecciono tipo de oferta" classname="Alta Trio Upfront con Nuevo Cliente Extranjero" time="19.059"/>
  <testcase name="selecciono el tipo de plan fija &quot;Trio&quot;" classname="Alta Trio Upfront con Nuevo Cliente Extranjero" time="10.586"/>
  <testcase name="selecciono el plan &quot;TRÍO MOV. VOZ INTERNET ESTANDAR RA 1D D22 50 MBPS&quot;" classname="Alta Trio Upfront con Nuevo Cliente Extranjero" time="42.447"/>
  <testcase name="inicio su registro" classname="Alta Trio Upfront con Nuevo Cliente Extranjero" time="3.379"/>
  <testcase name="valido que me encuentre en la pantalla agendamiento" classname="Alta Trio Upfront con Nuevo Cliente Extranjero" time="13.977"/>
  <testcase name="ingreso los datos de agendamiento" classname="Alta Trio Upfront con Nuevo Cliente Extranjero" time="2.326"/>
  <testcase name="presiono el boton confirmar agendamiento" classname="Alta Trio Upfront con Nuevo Cliente Extranjero" time="29.007"/>
  <testcase name="ingreso un correo electronico &quot;hola@gmail.com&quot;" classname="Alta Trio Upfront con Nuevo Cliente Extranjero" time="34.687"/>
  <testcase name="ingreso nuevamente el correo electronico &quot;hola@gmail.com&quot;" classname="Alta Trio Upfront con Nuevo Cliente Extranjero" time="5.593"/>
  <testcase name="doy click en datos del cliente" classname="Alta Trio Upfront con Nuevo Cliente Extranjero" time="4.346"/>
  <testcase name="completo los datos solicitados" classname="Alta Trio Upfront con Nuevo Cliente Extranjero" time="44.446"/>
  <testcase name="doy clic para validar contrato Movil" classname="Alta Trio Upfront con Nuevo Cliente Extranjero" time="35.707"/>
  <testcase name="me muestra en pantalla el contrato solicitado" classname="Alta Trio Upfront con Nuevo Cliente Extranjero" time="8.895"/>
  <testcase name="doy clic en si acepto" classname="Alta Trio Upfront con Nuevo Cliente Extranjero" time="3.365"/>
  <testcase name="doy click en el boton de continuar" classname="Alta Trio Upfront con Nuevo Cliente Extranjero" time="235.677"/>
  <testcase name="presiono el boton Registrar venta" classname="Alta Trio Upfront con Nuevo Cliente Extranjero" time="120.827"/>
  <testcase name="visualizo en pantalla el mensaje de exito de la venta generada" classname="Alta Trio Upfront con Nuevo Cliente Extranjero" time="4.41"/>
</testsuite>