<?xml version="1.0" encoding="UTF-8"?>
<testsuite xmlns:xsi="http://www.w3.org/2001/XMLSchema-instance" xsi:noNamespaceSchemaLocation="https://maven.apache.org/surefire/maven-failsafe-plugin/xsd/failsafe-test-report.xsd" name="Alta trio Mt" time="338.481" tests="51" errors="2" skipped="21" failures="0">
  <properties>
[...]
</properties>
  <testcase name="Alta trio Mt" classname="Alta trio Mt" time="0"/>
  <testcase name="Alta trio Mt" classname="Alta trio Mt" time="0">
    <error message="no such element: Unable to locate element: {&quot;method&quot;:&quot;xpath&quot;,&quot;selector&quot;:&quot;//*[@label=&apos;Iniciar Registro&apos; or  @type=&apos;button&apos; and @class=&apos;btnStart&apos;]&quot;}&#10;  (Session info: headless chrome=107.0.5304.63)&#10;For documentation on this error, please visit: https://selenium.dev/exceptions/#no_such_element&#10;Build info: version: &apos;4.1.0&apos;, revision: &apos;87802e897b&apos;&#10;System info: host: &apos;LIM-FVRH7M3&apos;, ip: &apos;192.168.100.23&apos;, os.name: &apos;Windows 10&apos;, os.arch: &apos;amd64&apos;, os.version: &apos;10.0&apos;, java.version: &apos;11.0.15.1&apos;&#10;Driver info: org.openqa.selenium.chrome.ChromeDriver&#10;Command: [751d0926f916e746c9474fa63eb861fb, findElement {using=xpath, value=//*[@label=&apos;Iniciar Registro&apos; or  @type=&apos;button&apos; and @class=&apos;btnStart&apos;]}]&#10;Capabilities {acceptInsecureCerts: false, browserName: chrome, browserVersion: 107.0.5304.63, chrome: {chromedriverVersion: 107.0.5304.62 (1eec40d3a576..., userDataDir: C:\Users\hsalaslo\AppData\L...}, goog:chromeOptions: {debuggerAddress: localhost:54998}, javascriptEnabled: true, networkConnectionEnabled: false, pageLoadStrategy: eager, platform: WINDOWS, platformName: WINDOWS, proxy: Proxy(), se:cdp: ws://localhost:54998/devtoo..., se:cdpVersion: 107.0.5304.63, setWindowRect: true, strictFileInteractability: false, timeouts: {implicit: 0, pageLoad: 300000, script: 30000}, unhandledPromptBehavior: dismiss and notify, webauthn:extension:credBlob: true, webauthn:extension:largeBlob: true, webauthn:virtualAuthenticators: true}&#10;Session ID: 751d0926f916e746c9474fa63eb861fb" type="org.openqa.selenium.NoSuchElementException">org.openqa.selenium.NoSuchElementException: 
no such element: Unable to locate element: {"method":"xpath","selector":"//*[@label='Iniciar Registro' or  @type='button' and @class='btnStart']"}
  (Session info: headless chrome=107.0.5304.63)
For documentation on this error, please visit: https://selenium.dev/exceptions/#no_such_element
Build info: version: '4.1.0', revision: '87802e897b'
System info: host: 'LIM-FVRH7M3', ip: '192.168.100.23', os.name: 'Windows 10', os.arch: 'amd64', os.version: '10.0', java.version: '11.0.15.1'
Driver info: org.openqa.selenium.chrome.ChromeDriver
Command: [751d0926f916e746c9474fa63eb861fb, findElement {using=xpath, value=//*[@label='Iniciar Registro' or  @type='button' and @class='btnStart']}]
Capabilities {acceptInsecureCerts: false, browserName: chrome, browserVersion: 107.0.5304.63, chrome: {chromedriverVersion: 107.0.5304.62 (1eec40d3a576..., userDataDir: C:\Users\hsalaslo\AppData\L...}, goog:chromeOptions: {debuggerAddress: localhost:54998}, javascriptEnabled: true, networkConnectionEnabled: false, pageLoadStrategy: eager, platform: WINDOWS, platformName: WINDOWS, proxy: Proxy(), se:cdp: ws://localhost:54998/devtoo..., se:cdpVersion: 107.0.5304.63, setWindowRect: true, strictFileInteractability: false, timeouts: {implicit: 0, pageLoad: 300000, script: 30000}, unhandledPromptBehavior: dismiss and notify, webauthn:extension:credBlob: true, webauthn:extension:largeBlob: true, webauthn:virtualAuthenticators: true}
Session ID: 751d0926f916e746c9474fa63eb861fb
</error>
  </testcase>
  <testcase name="que abro la pagina de movistar" classname="Alta trio Mt" time="5.585"/>
  <testcase name="presiono el boton Iniciar Sesion" classname="Alta trio Mt" time="2.94"/>
  <testcase name="selecciono el tipo de usuario &quot;usuario externo&quot;" classname="Alta trio Mt" time="1.158"/>
  <testcase name="ingreso el usuario &quot;lterrazosce&quot;" classname="Alta trio Mt" time="1.146"/>
  <testcase name="ingreso el password &quot;$t3l3f0n1c4$&quot;" classname="Alta trio Mt" time="1.159"/>
  <testcase name="presiono el boton Continuar hacia el home" classname="Alta trio Mt" time="12.314"/>
  <testcase name="valido el login exitoso mediante el mensaje &quot;Bienvenid@&quot;" classname="Alta trio Mt" time="1.12"/>
  <testcase name="selecciono el tipo de documento &quot;CE&quot;" classname="Alta trio Mt" time="2.241"/>
  <testcase name="ingreso el documento &quot;1042445068&quot;" classname="Alta trio Mt" time="0.221"/>
  <testcase name="doy click en el boton consultar" classname="Alta trio Mt" time="10.735"/>
  <testcase name="cierro popup de error" classname="Alta trio Mt" time="10.129"/>
  <testcase name="ingreso los datos del cliente a registrar" classname="Alta trio Mt" time="105.641"/>
  <testcase name="selecciono el boton Linea Nueva Hogar" classname="Alta trio Mt" time="4.197"/>
  <testcase name="selecciono el boton Linea Nueva Movil" classname="Alta trio Mt" time="2.14"/>
  <testcase name="selecciono el boton Mostrar ofertas" classname="Alta trio Mt" time="12.14"/>
  <testcase name="me muestra la pantalla para ingresar la direccion" classname="Alta trio Mt" time="1.12"/>
  <testcase name="selecciono el departamento donde sera la instalacion &quot;15&quot;" classname="Alta trio Mt" time="7.181"/>
  <testcase name="selecciono la provincia donde sera la instalacion &quot;1501&quot;" classname="Alta trio Mt" time="3.193"/>
  <testcase name="selecciono el distrito donde sera la instalacion &quot;150116&quot;" classname="Alta trio Mt" time="3.245"/>
  <testcase name="ingreso la direccion donde sera la instalacion &quot;JIRON JULIO CESAR TELLO 460&quot;" classname="Alta trio Mt" time="0.291"/>
  <testcase name="ingreso la referencia de la direccion &quot;Inkafarma&quot;" classname="Alta trio Mt" time="0.26"/>
  <testcase name="presiono el boton Consultar ubicacion" classname="Alta trio Mt" time="5.261"/>
  <testcase name="ingreso la informacion del lugar de instalacion" classname="Alta trio Mt" time="53.212"/>
  <testcase name="ingreso la informacion del lugar de instalacion" classname="Alta trio Mt" time="0">
    <skipped message="This step is skipped"/>
  </testcase>
  <testcase name="presiono el boton consultar cobertura" classname="Alta trio Mt" time="39.267"/>
  <testcase name="me muestra la pantalla de ofertas sugeridos" classname="Alta trio Mt" time="6.174"/>
  <testcase name="selecciono tipo de oferta" classname="Alta trio Mt" time="25.796"/>
  <testcase name="selecciono un plan Movistar Total &quot;HD 500 Mbps + 95Gb&quot;" classname="Alta trio Mt" time="9.72"/>
  <testcase name="doy clic a iniciar registro" classname="Alta trio Mt" time="3.172">
    <error message="no such element: Unable to locate element: {&quot;method&quot;:&quot;xpath&quot;,&quot;selector&quot;:&quot;//*[@label=&apos;Iniciar Registro&apos; or  @type=&apos;button&apos; and @class=&apos;btnStart&apos;]&quot;}&#10;  (Session info: headless chrome=107.0.5304.63)&#10;For documentation on this error, please visit: https://selenium.dev/exceptions/#no_such_element&#10;Build info: version: &apos;4.1.0&apos;, revision: &apos;87802e897b&apos;&#10;System info: host: &apos;LIM-FVRH7M3&apos;, ip: &apos;192.168.100.23&apos;, os.name: &apos;Windows 10&apos;, os.arch: &apos;amd64&apos;, os.version: &apos;10.0&apos;, java.version: &apos;11.0.15.1&apos;&#10;Driver info: org.openqa.selenium.chrome.ChromeDriver&#10;Command: [751d0926f916e746c9474fa63eb861fb, findElement {using=xpath, value=//*[@label=&apos;Iniciar Registro&apos; or  @type=&apos;button&apos; and @class=&apos;btnStart&apos;]}]&#10;Capabilities {acceptInsecureCerts: false, browserName: chrome, browserVersion: 107.0.5304.63, chrome: {chromedriverVersion: 107.0.5304.62 (1eec40d3a576..., userDataDir: C:\Users\hsalaslo\AppData\L...}, goog:chromeOptions: {debuggerAddress: localhost:54998}, javascriptEnabled: true, networkConnectionEnabled: false, pageLoadStrategy: eager, platform: WINDOWS, platformName: WINDOWS, proxy: Proxy(), se:cdp: ws://localhost:54998/devtoo..., se:cdpVersion: 107.0.5304.63, setWindowRect: true, strictFileInteractability: false, timeouts: {implicit: 0, pageLoad: 300000, script: 30000}, unhandledPromptBehavior: dismiss and notify, webauthn:extension:credBlob: true, webauthn:extension:largeBlob: true, webauthn:virtualAuthenticators: true}&#10;Session ID: 751d0926f916e746c9474fa63eb861fb" type="org.openqa.selenium.NoSuchElementException">org.openqa.selenium.NoSuchElementException: 
no such element: Unable to locate element: {"method":"xpath","selector":"//*[@label='Iniciar Registro' or  @type='button' and @class='btnStart']"}
  (Session info: headless chrome=107.0.5304.63)
For documentation on this error, please visit: https://selenium.dev/exceptions/#no_such_element
Build info: version: '4.1.0', revision: '87802e897b'
System info: host: 'LIM-FVRH7M3', ip: '192.168.100.23', os.name: 'Windows 10', os.arch: 'amd64', os.version: '10.0', java.version: '11.0.15.1'
Driver info: org.openqa.selenium.chrome.ChromeDriver
Command: [751d0926f916e746c9474fa63eb861fb, findElement {using=xpath, value=//*[@label='Iniciar Registro' or  @type='button' and @class='btnStart']}]
Capabilities {acceptInsecureCerts: false, browserName: chrome, browserVersion: 107.0.5304.63, chrome: {chromedriverVersion: 107.0.5304.62 (1eec40d3a576..., userDataDir: C:\Users\hsalaslo\AppData\L...}, goog:chromeOptions: {debuggerAddress: localhost:54998}, javascriptEnabled: true, networkConnectionEnabled: false, pageLoadStrategy: eager, platform: WINDOWS, platformName: WINDOWS, proxy: Proxy(), se:cdp: ws://localhost:54998/devtoo..., se:cdpVersion: 107.0.5304.63, setWindowRect: true, strictFileInteractability: false, timeouts: {implicit: 0, pageLoad: 300000, script: 30000}, unhandledPromptBehavior: dismiss and notify, webauthn:extension:credBlob: true, webauthn:extension:largeBlob: true, webauthn:virtualAuthenticators: true}
Session ID: 751d0926f916e746c9474fa63eb861fb
</error>
    <system-out><![CDATA[2022-10-27 17:25:58.982  INFO 19240 --- [pool-1-thread-1] c.t.c.w.s.a.evidence.ScreenShotAspect    : Take screenshot after >>> "moverToElementIniciarRegistro" method.
2022-10-27 17:25:59.117  WARN 19240 --- [pool-1-thread-1] c.t.ct.web.service.aspect.log.LogAspect  : 

Something went wrong!  >>> 
Feature: "file:///C:/Users/hsalaslo/Documents/CARPETAAUTO/test-berserkers-fe-ui/src/test/resources/features/altas/mt/altaTrioMTconUpfrontTienda.feature",
Scenario: "Alta trio Mt",
Class: "com.tdp.ct.web.glue.AltaFijaMovilRegistroStepDefinition",
Method: "doyClicAIniciarRegistro",
Throwable: "Message: no such element: Unable to locate element: {"method":"xpath","selector":"//*[@label='Iniciar Registro' or  @type='button' and @class='btnStart']"}
  (Session info: headless chrome=107.0.5304.63)
For documentation on this error, please visit: https://selenium.dev/exceptions/#no_such_element
Build info: version: '4.1.0', revision: '87802e897b'
System info: host: 'LIM-FVRH7M3', ip: '192.168.100.23', os.name: 'Windows 10', os.arch: 'amd64', os.version: '10.0', java.version: '11.0.15.1'
Driver info: org.openqa.selenium.chrome.ChromeDriver
Command: [751d0926f916e746c9474fa63eb861fb, findElement {using=xpath, value=//*[@label='Iniciar Registro' or  @type='button' and @class='btnStart']}]
Capabilities {acceptInsecureCerts: false, browserName: chrome, browserVersion: 107.0.5304.63, chrome: {chromedriverVersion: 107.0.5304.62 (1eec40d3a576..., userDataDir: C:\Users\hsalaslo\AppData\L...}, goog:chromeOptions: {debuggerAddress: localhost:54998}, javascriptEnabled: true, networkConnectionEnabled: false, pageLoadStrategy: eager, platform: WINDOWS, platformName: WINDOWS, proxy: Proxy(), se:cdp: ws://localhost:54998/devtoo..., se:cdpVersion: 107.0.5304.63, setWindowRect: true, strictFileInteractability: false, timeouts: {implicit: 0, pageLoad: 300000, script: 30000}, unhandledPromptBehavior: dismiss and notify, webauthn:extension:credBlob: true, webauthn:extension:largeBlob: true, webauthn:virtualAuthenticators: true}
Session ID: 751d0926f916e746c9474fa63eb861fb - Cause:null"
]]></system-out>
  </testcase>
  <testcase name="valido que me encuentre en la pantalla agendamiento" classname="Alta trio Mt" time="0">
    <skipped message="This step is skipped"/>
  </testcase>
  <testcase name="ingreso los datos de agendamiento" classname="Alta trio Mt" time="0">
    <skipped message="This step is skipped"/>
  </testcase>
  <testcase name="presiono el boton confirmar agendamiento" classname="Alta trio Mt" time="0">
    <skipped message="This step is skipped"/>
  </testcase>
  <testcase name="presiono Consultar ubicacion" classname="Alta trio Mt" time="0">
    <skipped message="This step is skipped"/>
  </testcase>
  <testcase name="Consulto ubicacion" classname="Alta trio Mt" time="0">
    <skipped message="This step is skipped"/>
  </testcase>
  <testcase name="selecciono un tipo de entrega &quot;Delivery Regular 48 horas&quot;" classname="Alta trio Mt" time="0">
    <skipped message="This step is skipped"/>
  </testcase>
  <testcase name="selecciono horario &quot;2pm-7pm&quot;" classname="Alta trio Mt" time="0">
    <skipped message="This step is skipped"/>
  </testcase>
  <testcase name="ingreso telefono del titular &quot;998877665&quot;" classname="Alta trio Mt" time="0">
    <skipped message="This step is skipped"/>
  </testcase>
  <testcase name="ingreso instrucciones de delivery &quot;cerca al parque&quot;" classname="Alta trio Mt" time="0">
    <skipped message="This step is skipped"/>
  </testcase>
  <testcase name="doy clic en confirmar delivery" classname="Alta trio Mt" time="0">
    <skipped message="This step is skipped"/>
  </testcase>
  <testcase name="ingreso correo de verificacion &quot;correo@gmail.com&quot;" classname="Alta trio Mt" time="0">
    <skipped message="This step is skipped"/>
  </testcase>
  <testcase name="doy click en datos del cliente" classname="Alta trio Mt" time="0">
    <skipped message="This step is skipped"/>
  </testcase>
  <testcase name="ingreso los datos del cliente" classname="Alta trio Mt" time="0">
    <skipped message="This step is skipped"/>
  </testcase>
  <testcase name="doy click en el boton confirmar" classname="Alta trio Mt" time="0">
    <skipped message="This step is skipped"/>
  </testcase>
  <testcase name="doy clic para validar contrato Movil" classname="Alta trio Mt" time="0">
    <skipped message="This step is skipped"/>
  </testcase>
  <testcase name="me muestra en pantalla el contrato solicitado" classname="Alta trio Mt" time="0">
    <skipped message="This step is skipped"/>
  </testcase>
  <testcase name="doy clic en si acepto" classname="Alta trio Mt" time="0">
    <skipped message="This step is skipped"/>
  </testcase>
  <testcase name="doy click en el boton de continuar" classname="Alta trio Mt" time="0">
    <skipped message="This step is skipped"/>
  </testcase>
  <testcase name="presiono el boton Registrar venta" classname="Alta trio Mt" time="0">
    <skipped message="This step is skipped"/>
  </testcase>
  <testcase name="visualizo en pantalla el mensaje de exito de la venta generada" classname="Alta trio Mt" time="0">
    <skipped message="This step is skipped"/>
  </testcase>
</testsuite>